{"timestamp":"2026-03-20T13:23:48.938774Z","level":"info","event":"Stats instance was created in PID 7 but accessed in PID 179. Re-initializing.","logger":"airflow.stats","filename":"stats.py","lineno":57}
{"timestamp":"2026-03-20T13:23:48.945022Z","level":"info","event":"DAG bundles loaded: dags-folder","logger":"airflow.dag_processing.bundles.manager.DagBundlesManager","filename":"manager.py","lineno":179}
{"timestamp":"2026-03-20T13:23:48.945569Z","level":"info","event":"Filling up the DagBag from /opt/airflow/dags/sales_elt.py","logger":"airflow.models.dagbag.BundleDagBag","filename":"dagbag.py","lineno":593}
{"timestamp":"2026-03-20T13:23:49.243435Z","level":"info","event":"AWS Connection (conn_id='aws_default', conn_type='aws') credentials retrieved from login and password.","logger":"airflow.providers.amazon.aws.utils.connection_wrapper.AwsConnectionWrapper","filename":"connection_wrapper.py","lineno":331}
{"timestamp":"2026-03-20T13:23:49.418983Z","level":"info","event":"SqsSensor checking for message on queue: https://sqs.us-east-1.amazonaws.com/048013208170/InsightoQueue","logger":"airflow.task.operators.airflow.providers.amazon.aws.sensors.sqs.SqsSensor","filename":"sqs.py","lineno":172}
{"timestamp":"2026-03-20T13:24:11.101303Z","level":"info","event":"Rescheduling task, marking task as UP_FOR_RESCHEDULE","logger":"task","filename":"task_runner.py","lineno":1145}
{"timestamp":"2026-03-20T13:25:11.310655Z","level":"info","event":"Stats instance was created in PID 7 but accessed in PID 194. Re-initializing.","logger":"airflow.stats","filename":"stats.py","lineno":57}
{"timestamp":"2026-03-20T13:25:11.315246Z","level":"info","event":"DAG bundles loaded: dags-folder","logger":"airflow.dag_processing.bundles.manager.DagBundlesManager","filename":"manager.py","lineno":179}
{"timestamp":"2026-03-20T13:25:11.315627Z","level":"info","event":"Filling up the DagBag from /opt/airflow/dags/sales_elt.py","logger":"airflow.models.dagbag.BundleDagBag","filename":"dagbag.py","lineno":593}
{"timestamp":"2026-03-20T13:25:11.567538Z","level":"info","event":"AWS Connection (conn_id='aws_default', conn_type='aws') credentials retrieved from login and password.","logger":"airflow.providers.amazon.aws.utils.connection_wrapper.AwsConnectionWrapper","filename":"connection_wrapper.py","lineno":331}
{"timestamp":"2026-03-20T13:25:11.713786Z","level":"info","event":"SqsSensor checking for message on queue: https://sqs.us-east-1.amazonaws.com/048013208170/InsightoQueue","logger":"airflow.task.operators.airflow.providers.amazon.aws.sensors.sqs.SqsSensor","filename":"sqs.py","lineno":172}
{"timestamp":"2026-03-20T13:25:33.408840Z","level":"info","event":"Rescheduling task, marking task as UP_FOR_RESCHEDULE","logger":"task","filename":"task_runner.py","lineno":1145}
{"timestamp":"2026-03-20T13:26:33.740678Z","level":"info","event":"Stats instance was created in PID 7 but accessed in PID 216. Re-initializing.","logger":"airflow.stats","filename":"stats.py","lineno":57}
{"timestamp":"2026-03-20T13:26:33.747373Z","level":"info","event":"DAG bundles loaded: dags-folder","logger":"airflow.dag_processing.bundles.manager.DagBundlesManager","filename":"manager.py","lineno":179}
{"timestamp":"2026-03-20T13:26:33.748196Z","level":"info","event":"Filling up the DagBag from /opt/airflow/dags/sales_elt.py","logger":"airflow.models.dagbag.BundleDagBag","filename":"dagbag.py","lineno":593}
{"timestamp":"2026-03-20T13:26:34.278202Z","level":"info","event":"AWS Connection (conn_id='aws_default', conn_type='aws') credentials retrieved from login and password.","logger":"airflow.providers.amazon.aws.utils.connection_wrapper.AwsConnectionWrapper","filename":"connection_wrapper.py","lineno":331}
{"timestamp":"2026-03-20T13:26:34.471643Z","level":"info","event":"SqsSensor checking for message on queue: https://sqs.us-east-1.amazonaws.com/048013208170/InsightoQueue","logger":"airflow.task.operators.airflow.providers.amazon.aws.sensors.sqs.SqsSensor","filename":"sqs.py","lineno":172}
{"timestamp":"2026-03-20T13:26:56.077158Z","level":"info","event":"Rescheduling task, marking task as UP_FOR_RESCHEDULE","logger":"task","filename":"task_runner.py","lineno":1145}
{"timestamp":"2026-03-20T13:27:56.825720Z","level":"info","event":"Stats instance was created in PID 7 but accessed in PID 231. Re-initializing.","logger":"airflow.stats","filename":"stats.py","lineno":57}
{"timestamp":"2026-03-20T13:27:56.832956Z","level":"info","event":"DAG bundles loaded: dags-folder","logger":"airflow.dag_processing.bundles.manager.DagBundlesManager","filename":"manager.py","lineno":179}
{"timestamp":"2026-03-20T13:27:56.833563Z","level":"info","event":"Filling up the DagBag from /opt/airflow/dags/sales_elt.py","logger":"airflow.models.dagbag.BundleDagBag","filename":"dagbag.py","lineno":593}
{"timestamp":"2026-03-20T13:27:57.148989Z","level":"info","event":"AWS Connection (conn_id='aws_default', conn_type='aws') credentials retrieved from login and password.","logger":"airflow.providers.amazon.aws.utils.connection_wrapper.AwsConnectionWrapper","filename":"connection_wrapper.py","lineno":331}
{"timestamp":"2026-03-20T13:27:57.329727Z","level":"info","event":"SqsSensor checking for message on queue: https://sqs.us-east-1.amazonaws.com/048013208170/InsightoQueue","logger":"airflow.task.operators.airflow.providers.amazon.aws.sensors.sqs.SqsSensor","filename":"sqs.py","lineno":172}
{"timestamp":"2026-03-20T13:28:18.773200Z","level":"info","event":"Rescheduling task, marking task as UP_FOR_RESCHEDULE","logger":"task","filename":"task_runner.py","lineno":1145}
{"timestamp":"2026-03-20T13:29:19.192678Z","level":"info","event":"Stats instance was created in PID 7 but accessed in PID 254. Re-initializing.","logger":"airflow.stats","filename":"stats.py","lineno":57}
{"timestamp":"2026-03-20T13:29:19.199042Z","level":"info","event":"DAG bundles loaded: dags-folder","logger":"airflow.dag_processing.bundles.manager.DagBundlesManager","filename":"manager.py","lineno":179}
{"timestamp":"2026-03-20T13:29:19.199643Z","level":"info","event":"Filling up the DagBag from /opt/airflow/dags/sales_elt.py","logger":"airflow.models.dagbag.BundleDagBag","filename":"dagbag.py","lineno":593}
{"timestamp":"2026-03-20T13:29:19.479855Z","level":"info","event":"AWS Connection (conn_id='aws_default', conn_type='aws') credentials retrieved from login and password.","logger":"airflow.providers.amazon.aws.utils.connection_wrapper.AwsConnectionWrapper","filename":"connection_wrapper.py","lineno":331}
{"timestamp":"2026-03-20T13:29:19.642548Z","level":"info","event":"SqsSensor checking for message on queue: https://sqs.us-east-1.amazonaws.com/048013208170/InsightoQueue","logger":"airflow.task.operators.airflow.providers.amazon.aws.sensors.sqs.SqsSensor","filename":"sqs.py","lineno":172}
{"timestamp":"2026-03-20T13:29:21.381459Z","level":"info","event":"Received 1 messages","logger":"airflow.providers.amazon.aws.utils.sqs","filename":"sqs.py","lineno":52}
{"timestamp":"2026-03-20T13:29:21.381729Z","level":"info","event":"Deleting 1 messages","logger":"airflow.task.operators.airflow.providers.amazon.aws.sensors.sqs.SqsSensor","filename":"sqs.py","lineno":210}
{"timestamp":"2026-03-20T13:29:21.775462Z","level":"info","event":"Success criteria met. Exiting.","logger":"airflow.task.operators.airflow.providers.amazon.aws.sensors.sqs.SqsSensor","filename":"sensor.py","lineno":250}
